[04:13:05] [ServerMain/INFO]: Environment: authHost='https://authserver.mojang.com', accountsHost='https://api.mojang.com', sessionHost='https://sessionserver.mojang.com', servicesHost='https://api.minecraftservices.com', name='PROD'
[04:13:07] [ServerMain/INFO]: Loaded 7 recipes
[04:13:07] [Server thread/INFO]: Starting minecraft server version 1.20.1
[04:13:07] [Server thread/INFO]: Loading properties
[04:13:08] [Server thread/INFO]: This server is running Paper version git-Paper-196 (MC: 1.20.1) (Implementing API version 1.20.1-R0.1-SNAPSHOT) (Git: 773dd72)
[04:13:08] [Server thread/INFO]: Server Ping Player Sample Count: 12
[04:13:08] [Server thread/INFO]: Using 4 threads for Netty based IO
[04:13:09] [Server thread/WARN]: [!] The timings profiler has been enabled but has been scheduled for removal from Paper in the future.
    We recommend installing the spark profiler as a replacement: https://spark.lucko.me/
    For more information please visit: https://github.com/PaperMC/Paper/issues/8948
[04:13:09] [Server thread/INFO]: [ChunkTaskScheduler] Chunk system is using 1 I/O threads, 1 worker threads, and gen parallelism of 1 threads
[04:13:09] [Server thread/INFO]: Default game type: SURVIVAL
[04:13:09] [Server thread/INFO]: Generating keypair
[04:13:09] [Server thread/INFO]: Starting Minecraft server on *:25565
[04:13:09] [Server thread/INFO]: Using epoll channel type
[04:13:09] [Server thread/INFO]: Paper: Using libdeflate (Linux x86_64) compression from Velocity.
[04:13:09] [Server thread/INFO]: Paper: Using OpenSSL 1.1.x (Linux x86_64) cipher from Velocity.
[04:13:10] [Server thread/INFO]: [ViaVersion] Loading server plugin ViaVersion v5.1.1
[04:13:10] [Server thread/INFO]: [ViaVersion] ViaVersion 5.1.1 is now loaded. Registering protocol transformers and injecting...
[04:13:10] [Via-Mappingloader-0/INFO]: [ViaVersion] Loading block connection mappings ...
[04:13:10] [Via-Mappingloader-0/INFO]: [ViaVersion] Using FastUtil Long2ObjectOpenHashMap for block connections
[04:13:10] [Server thread/INFO]: [ViaBackwards] Loading translations...
[04:13:10] [Server thread/INFO]: [ViaBackwards] Registering protocols...
[04:13:11] [Server thread/INFO]: [ViaBackwards] Loading server plugin ViaBackwards v5.1.1
[04:13:11] [Server thread/INFO]: [SkinsRestorer] Loading server plugin SkinsRestorer v15.4.4
[04:13:11] [Server thread/INFO]: Server permissions file permissions.yml is empty, ignoring it
[04:13:11] [Server thread/INFO]: [SkinsRestorer] Enabling SkinsRestorer v15.4.4
[04:13:12] [Server thread/WARN]: [SkinsRestorer] You must agree to the rules at 'commands.perSkinPermissionsConsent' in the config to use per skin permissions.
[04:13:12] [Server thread/INFO]: [SkinsRestorer] Running on Minecraft 1.20.1.
[04:13:12] [Server thread/INFO]: [SkinsRestorer] Using paper join listener!
[04:13:12] [Server thread/WARN]: **** SERVER IS RUNNING IN OFFLINE/INSECURE MODE!
[04:13:12] [Server thread/WARN]: The server will make no attempt to authenticate usernames. Beware.
[04:13:12] [Server thread/WARN]: While this makes the game possible to play without internet access, it also opens up the ability for hackers to connect with any username they choose.
[04:13:12] [Server thread/WARN]: To change this, set "online-mode" to "true" in the server.properties file.
[04:13:12] [Server thread/INFO]: Preparing level "world"
[04:13:12] [Folia Async Scheduler Thread #1/INFO]: [SkinsRestorer] ----------------------------------------------
[04:13:12] [Folia Async Scheduler Thread #1/INFO]: [SkinsRestorer]     +==================+
[04:13:12] [Folia Async Scheduler Thread #1/INFO]: [SkinsRestorer]     |   SkinsRestorer  |
[04:13:12] [Folia Async Scheduler Thread #1/INFO]: [SkinsRestorer]     |------------------|
[04:13:12] [Folia Async Scheduler Thread #1/INFO]: [SkinsRestorer]     |  Standalone Mode |
[04:13:12] [Folia Async Scheduler Thread #1/INFO]: [SkinsRestorer]     +==================+
[04:13:12] [Folia Async Scheduler Thread #1/INFO]: [SkinsRestorer] ----------------------------------------------
[04:13:12] [Folia Async Scheduler Thread #1/INFO]: [SkinsRestorer]     Version: 15.4.4
[04:13:12] [Folia Async Scheduler Thread #1/INFO]: [SkinsRestorer]     Commit: dc501c7
[04:13:12] [Folia Async Scheduler Thread #1/INFO]: [SkinsRestorer]     This is the latest version!
[04:13:12] [Folia Async Scheduler Thread #1/INFO]: [SkinsRestorer] ----------------------------------------------
[04:13:12] [Folia Async Scheduler Thread #1/INFO]: [SkinsRestorer] Do you have issues? Read our troubleshooting guide: https://skinsrestorer.net/docs/troubleshooting
[04:13:12] [Folia Async Scheduler Thread #1/INFO]: [SkinsRestorer] Want to support SkinsRestorer? Consider donating: https://skinsrestorer.net/donate
[04:13:13] [Server thread/INFO]: Preparing start region for dimension minecraft:overworld
[04:13:13] [Server thread/INFO]: Time elapsed: 245 ms
[04:13:13] [Server thread/INFO]: Preparing start region for dimension minecraft:the_nether
[04:13:13] [Server thread/INFO]: Time elapsed: 69 ms
[04:13:13] [Server thread/INFO]: Preparing start region for dimension minecraft:the_end
[04:13:13] [Server thread/INFO]: Time elapsed: 68 ms
[04:13:13] [Server thread/INFO]: [ViaVersion] Enabling ViaVersion v5.1.1
[04:13:13] [Server thread/INFO]: [ViaVersion] ViaVersion detected server version: 1.20-1.20.1 (763)
[04:13:13] [Server thread/INFO]: [ViaBackwards] Enabling ViaBackwards v5.1.1
[04:13:14] [Server thread/INFO]: Running delayed init tasks
[04:13:14] [Server thread/INFO]: Done (6.094s)! For help, type "help"
[04:13:14] [Server thread/INFO]: Timings Reset
[04:13:14] [Craft Scheduler Thread - 2 - ViaVersion/INFO]: [ViaVersion] Finished mapping loading, shutting down loader executor.
[04:14:13] [User Authenticator #0/INFO]: UUID of player iZack_kun is b3bae35d-4a1a-3d8a-8769-42598da075b1
[04:14:13] [Server thread/INFO]: [MIEMBRO] iZack_kun joined the game
[04:14:13] [Server thread/INFO]: iZack_kun[/127.1.134.44:46191] logged in with entity id 193 at ([world]-5415.771743365506, 78.0, -3630.972980821943)
